i:\1_프로젝트(3학년)\google otp\credential(googleotp)\consoleapplication3\consoleapplication3\x64\debug\consoleapplication3.pch
i:\1_프로젝트(3학년)\google otp\credential(googleotp)\consoleapplication3\consoleapplication3\x64\debug\vc120.pdb
i:\1_프로젝트(3학년)\google otp\credential(googleotp)\consoleapplication3\consoleapplication3\x64\debug\vc120.idb
i:\1_프로젝트(3학년)\google otp\credential(googleotp)\consoleapplication3\consoleapplication3\x64\debug\stdafx.obj
i:\1_프로젝트(3학년)\google otp\credential(googleotp)\consoleapplication3\consoleapplication3\x64\debug\consoleapplication3.obj
i:\1_프로젝트(3학년)\google otp\credential(googleotp)\consoleapplication3\x64\debug\consoleapplication3.ilk
i:\1_프로젝트(3학년)\google otp\credential(googleotp)\consoleapplication3\x64\debug\consoleapplication3.exe
i:\1_프로젝트(3학년)\google otp\credential(googleotp)\consoleapplication3\x64\debug\consoleapplication3.pdb
c:\users\khs\desktop\credential(googleotp)\consoleapplication3\consoleapplication3\x64\debug\consoleapplication3.obj
c:\users\khs\desktop\credential(googleotp)\consoleapplication3\consoleapplication3\x64\debug\stdafx.obj
c:\users\khs\desktop\credential(googleotp)\consoleapplication3\consoleapplication3\x64\debug\consoleapplication3.pch
c:\users\khs\desktop\credential(googleotp)\consoleapplication3\consoleapplication3\x64\debug\vc120.idb
c:\users\khs\desktop\credential(googleotp)\consoleapplication3\consoleapplication3\x64\debug\vc120.pdb
c:\users\khs\desktop\credential(googleotp)\consoleapplication3\x64\debug\consoleapplication3.pdb
c:\users\khs\desktop\credential(googleotp)\consoleapplication3\x64\debug\consoleapplication3.exe
c:\users\khs\desktop\credential(googleotp)\consoleapplication3\x64\debug\consoleapplication3.ilk
c:\users\khs\desktop\credential(googleotp)\consoleapplication3\consoleapplication3\x64\debug\consolea.bf53c1b8.tlog\cl.command.1.tlog
c:\users\khs\desktop\credential(googleotp)\consoleapplication3\consoleapplication3\x64\debug\consolea.bf53c1b8.tlog\cl.read.1.tlog
c:\users\khs\desktop\credential(googleotp)\consoleapplication3\consoleapplication3\x64\debug\consolea.bf53c1b8.tlog\cl.write.1.tlog
c:\users\khs\desktop\credential(googleotp)\consoleapplication3\consoleapplication3\x64\debug\consolea.bf53c1b8.tlog\link.command.1.tlog
c:\users\khs\desktop\credential(googleotp)\consoleapplication3\consoleapplication3\x64\debug\consolea.bf53c1b8.tlog\link.read.1.tlog
c:\users\khs\desktop\credential(googleotp)\consoleapplication3\consoleapplication3\x64\debug\consolea.bf53c1b8.tlog\link.write.1.tlog
