  CSampleCredential.cpp
  
  라이브러리를 검색하고 있습니다.
      C:\Program Files (x86)\Windows Kits\8.1\lib\winv6.3\um\x64\secur32.lib 검색 중:
      C:\Program Files (x86)\Windows Kits\8.1\lib\winv6.3\um\x64\shlwapi.lib 검색 중:
      C:\Program Files (x86)\Windows Kits\8.1\lib\winv6.3\um\x64\gdi32.lib 검색 중:
      C:\Program Files (x86)\Windows Kits\8.1\lib\winv6.3\um\x64\ole32.lib 검색 중:
      C:\Program Files (x86)\Windows Kits\8.1\lib\winv6.3\um\x64\user32.lib 검색 중:
      C:\Program Files (x86)\Windows Kits\8.1\lib\winv6.3\um\x64\advapi32.lib 검색 중:
      C:\Program Files (x86)\Windows Kits\8.1\lib\winv6.3\um\x64\credui.lib 검색 중:
      C:\Program Files (x86)\Windows Kits\8.1\lib\winv6.3\um\x64\kernel32.lib 검색 중:
      C:\Program Files (x86)\Windows Kits\8.1\lib\winv6.3\um\x64\winspool.lib 검색 중:
      C:\Program Files (x86)\Windows Kits\8.1\lib\winv6.3\um\x64\comdlg32.lib 검색 중:
      C:\Program Files (x86)\Windows Kits\8.1\lib\winv6.3\um\x64\shell32.lib 검색 중:
      C:\Program Files (x86)\Windows Kits\8.1\lib\winv6.3\um\x64\oleaut32.lib 검색 중:
      C:\Program Files (x86)\Windows Kits\8.1\lib\winv6.3\um\x64\uuid.lib 검색 중:
      C:\Program Files (x86)\Windows Kits\8.1\lib\winv6.3\um\x64\odbc32.lib 검색 중:
      C:\Program Files (x86)\Windows Kits\8.1\lib\winv6.3\um\x64\odbccp32.lib 검색 중:
      C:\Program Files (x86)\Microsoft Visual Studio 14.0\VC\lib\amd64\msvcprt.lib 검색 중:
      C:\Program Files (x86)\Microsoft Visual Studio 14.0\VC\lib\amd64\MSVCRT.lib 검색 중:
      C:\Program Files (x86)\Microsoft Visual Studio 14.0\VC\lib\amd64\OLDNAMES.lib 검색 중:
      C:\Program Files (x86)\Microsoft Visual Studio 14.0\VC\atlmfc\lib\amd64\atls.lib 검색 중:
      C:\Program Files (x86)\Microsoft Visual Studio 14.0\VC\lib\amd64\vcruntime.lib 검색 중:
      C:\Program Files (x86)\Windows Kits\10\lib\10.0.10240.0\ucrt\x64\ucrt.lib 검색 중:
      C:\Program Files (x86)\Windows Kits\8.1\lib\winv6.3\um\x64\secur32.lib 검색 중:
      C:\Program Files (x86)\Windows Kits\8.1\lib\winv6.3\um\x64\shlwapi.lib 검색 중:
      C:\Program Files (x86)\Windows Kits\8.1\lib\winv6.3\um\x64\gdi32.lib 검색 중:
      C:\Program Files (x86)\Windows Kits\8.1\lib\winv6.3\um\x64\ole32.lib 검색 중:
      C:\Program Files (x86)\Windows Kits\8.1\lib\winv6.3\um\x64\user32.lib 검색 중:
      C:\Program Files (x86)\Windows Kits\8.1\lib\winv6.3\um\x64\advapi32.lib 검색 중:
      C:\Program Files (x86)\Windows Kits\8.1\lib\winv6.3\um\x64\credui.lib 검색 중:
      C:\Program Files (x86)\Windows Kits\8.1\lib\winv6.3\um\x64\kernel32.lib 검색 중:
      C:\Program Files (x86)\Windows Kits\8.1\lib\winv6.3\um\x64\winspool.lib 검색 중:
      C:\Program Files (x86)\Windows Kits\8.1\lib\winv6.3\um\x64\comdlg32.lib 검색 중:
      C:\Program Files (x86)\Windows Kits\8.1\lib\winv6.3\um\x64\shell32.lib 검색 중:
      C:\Program Files (x86)\Windows Kits\8.1\lib\winv6.3\um\x64\oleaut32.lib 검색 중:
      C:\Program Files (x86)\Windows Kits\8.1\lib\winv6.3\um\x64\uuid.lib 검색 중:
      C:\Program Files (x86)\Windows Kits\8.1\lib\winv6.3\um\x64\odbc32.lib 검색 중:
      C:\Program Files (x86)\Windows Kits\8.1\lib\winv6.3\um\x64\odbccp32.lib 검색 중:
      C:\Program Files (x86)\Microsoft Visual Studio 14.0\VC\lib\amd64\msvcprt.lib 검색 중:
      C:\Program Files (x86)\Microsoft Visual Studio 14.0\VC\lib\amd64\MSVCRT.lib 검색 중:
      C:\Program Files (x86)\Microsoft Visual Studio 14.0\VC\lib\amd64\OLDNAMES.lib 검색 중:
      C:\Program Files (x86)\Microsoft Visual Studio 14.0\VC\atlmfc\lib\amd64\atls.lib 검색 중:
      C:\Program Files (x86)\Microsoft Visual Studio 14.0\VC\lib\amd64\vcruntime.lib 검색 중:
  
  라이브러리가 검색되었습니다.
     H:\1_프로젝트(3학년)\WinAuth\CredentialProvider\ConsoleApplication3\x64\Release\SampleCredentialProvider.lib 라이브러리 및 H:\1_프로젝트(3학년)\WinAuth\CredentialProvider\ConsoleApplication3\x64\Release\SampleCredentialProvider.exp 개체를 생성하고 있습니다.
  
  라이브러리를 검색하고 있습니다.
      C:\Program Files (x86)\Windows Kits\8.1\lib\winv6.3\um\x64\secur32.lib 검색 중:
      C:\Program Files (x86)\Windows Kits\8.1\lib\winv6.3\um\x64\shlwapi.lib 검색 중:
      C:\Program Files (x86)\Windows Kits\8.1\lib\winv6.3\um\x64\gdi32.lib 검색 중:
      C:\Program Files (x86)\Windows Kits\8.1\lib\winv6.3\um\x64\ole32.lib 검색 중:
      C:\Program Files (x86)\Windows Kits\8.1\lib\winv6.3\um\x64\user32.lib 검색 중:
      C:\Program Files (x86)\Windows Kits\8.1\lib\winv6.3\um\x64\advapi32.lib 검색 중:
      C:\Program Files (x86)\Windows Kits\8.1\lib\winv6.3\um\x64\credui.lib 검색 중:
      C:\Program Files (x86)\Windows Kits\8.1\lib\winv6.3\um\x64\kernel32.lib 검색 중:
      C:\Program Files (x86)\Windows Kits\8.1\lib\winv6.3\um\x64\winspool.lib 검색 중:
      C:\Program Files (x86)\Windows Kits\8.1\lib\winv6.3\um\x64\comdlg32.lib 검색 중:
      C:\Program Files (x86)\Windows Kits\8.1\lib\winv6.3\um\x64\shell32.lib 검색 중:
      C:\Program Files (x86)\Windows Kits\8.1\lib\winv6.3\um\x64\oleaut32.lib 검색 중:
      C:\Program Files (x86)\Windows Kits\8.1\lib\winv6.3\um\x64\uuid.lib 검색 중:
      C:\Program Files (x86)\Windows Kits\8.1\lib\winv6.3\um\x64\odbc32.lib 검색 중:
      C:\Program Files (x86)\Windows Kits\8.1\lib\winv6.3\um\x64\odbccp32.lib 검색 중:
      C:\Program Files (x86)\Microsoft Visual Studio 14.0\VC\lib\amd64\msvcprt.lib 검색 중:
      C:\Program Files (x86)\Microsoft Visual Studio 14.0\VC\lib\amd64\MSVCRT.lib 검색 중:
      C:\Program Files (x86)\Microsoft Visual Studio 14.0\VC\lib\amd64\OLDNAMES.lib 검색 중:
      C:\Program Files (x86)\Microsoft Visual Studio 14.0\VC\atlmfc\lib\amd64\atls.lib 검색 중:
      C:\Program Files (x86)\Microsoft Visual Studio 14.0\VC\lib\amd64\vcruntime.lib 검색 중:
      C:\Program Files (x86)\Windows Kits\10\lib\10.0.10240.0\ucrt\x64\ucrt.lib 검색 중:
  
  라이브러리가 검색되었습니다.
  
  라이브러리를 검색하고 있습니다.
      C:\Program Files (x86)\Windows Kits\8.1\lib\winv6.3\um\x64\secur32.lib 검색 중:
      C:\Program Files (x86)\Windows Kits\8.1\lib\winv6.3\um\x64\shlwapi.lib 검색 중:
      C:\Program Files (x86)\Windows Kits\8.1\lib\winv6.3\um\x64\gdi32.lib 검색 중:
      C:\Program Files (x86)\Windows Kits\8.1\lib\winv6.3\um\x64\ole32.lib 검색 중:
      C:\Program Files (x86)\Windows Kits\8.1\lib\winv6.3\um\x64\user32.lib 검색 중:
      C:\Program Files (x86)\Windows Kits\8.1\lib\winv6.3\um\x64\advapi32.lib 검색 중:
      C:\Program Files (x86)\Windows Kits\8.1\lib\winv6.3\um\x64\credui.lib 검색 중:
      C:\Program Files (x86)\Windows Kits\8.1\lib\winv6.3\um\x64\kernel32.lib 검색 중:
      C:\Program Files (x86)\Windows Kits\8.1\lib\winv6.3\um\x64\winspool.lib 검색 중:
      C:\Program Files (x86)\Windows Kits\8.1\lib\winv6.3\um\x64\comdlg32.lib 검색 중:
      C:\Program Files (x86)\Windows Kits\8.1\lib\winv6.3\um\x64\shell32.lib 검색 중:
      C:\Program Files (x86)\Windows Kits\8.1\lib\winv6.3\um\x64\oleaut32.lib 검색 중:
      C:\Program Files (x86)\Windows Kits\8.1\lib\winv6.3\um\x64\uuid.lib 검색 중:
      C:\Program Files (x86)\Windows Kits\8.1\lib\winv6.3\um\x64\odbc32.lib 검색 중:
      C:\Program Files (x86)\Windows Kits\8.1\lib\winv6.3\um\x64\odbccp32.lib 검색 중:
      C:\Program Files (x86)\Microsoft Visual Studio 14.0\VC\lib\amd64\msvcprt.lib 검색 중:
      C:\Program Files (x86)\Microsoft Visual Studio 14.0\VC\lib\amd64\MSVCRT.lib 검색 중:
      C:\Program Files (x86)\Microsoft Visual Studio 14.0\VC\lib\amd64\OLDNAMES.lib 검색 중:
      C:\Program Files (x86)\Microsoft Visual Studio 14.0\VC\atlmfc\lib\amd64\atls.lib 검색 중:
      C:\Program Files (x86)\Microsoft Visual Studio 14.0\VC\lib\amd64\vcruntime.lib 검색 중:
      C:\Program Files (x86)\Windows Kits\10\lib\10.0.10240.0\ucrt\x64\ucrt.lib 검색 중:
  
  라이브러리가 검색되었습니다.
  
  라이브러리를 검색하고 있습니다.
      C:\Program Files (x86)\Windows Kits\8.1\lib\winv6.3\um\x64\secur32.lib 검색 중:
      C:\Program Files (x86)\Windows Kits\8.1\lib\winv6.3\um\x64\shlwapi.lib 검색 중:
      C:\Program Files (x86)\Windows Kits\8.1\lib\winv6.3\um\x64\gdi32.lib 검색 중:
      C:\Program Files (x86)\Windows Kits\8.1\lib\winv6.3\um\x64\ole32.lib 검색 중:
      C:\Program Files (x86)\Windows Kits\8.1\lib\winv6.3\um\x64\user32.lib 검색 중:
      C:\Program Files (x86)\Windows Kits\8.1\lib\winv6.3\um\x64\advapi32.lib 검색 중:
      C:\Program Files (x86)\Windows Kits\8.1\lib\winv6.3\um\x64\credui.lib 검색 중:
      C:\Program Files (x86)\Windows Kits\8.1\lib\winv6.3\um\x64\kernel32.lib 검색 중:
      C:\Program Files (x86)\Windows Kits\8.1\lib\winv6.3\um\x64\winspool.lib 검색 중:
      C:\Program Files (x86)\Windows Kits\8.1\lib\winv6.3\um\x64\comdlg32.lib 검색 중:
      C:\Program Files (x86)\Windows Kits\8.1\lib\winv6.3\um\x64\shell32.lib 검색 중:
      C:\Program Files (x86)\Windows Kits\8.1\lib\winv6.3\um\x64\oleaut32.lib 검색 중:
      C:\Program Files (x86)\Windows Kits\8.1\lib\winv6.3\um\x64\uuid.lib 검색 중:
      C:\Program Files (x86)\Windows Kits\8.1\lib\winv6.3\um\x64\odbc32.lib 검색 중:
      C:\Program Files (x86)\Windows Kits\8.1\lib\winv6.3\um\x64\odbccp32.lib 검색 중:
      C:\Program Files (x86)\Microsoft Visual Studio 14.0\VC\lib\amd64\msvcprt.lib 검색 중:
      C:\Program Files (x86)\Microsoft Visual Studio 14.0\VC\lib\amd64\MSVCRT.lib 검색 중:
      C:\Program Files (x86)\Microsoft Visual Studio 14.0\VC\lib\amd64\OLDNAMES.lib 검색 중:
      C:\Program Files (x86)\Microsoft Visual Studio 14.0\VC\atlmfc\lib\amd64\atls.lib 검색 중:
      C:\Program Files (x86)\Microsoft Visual Studio 14.0\VC\lib\amd64\vcruntime.lib 검색 중:
      C:\Program Files (x86)\Windows Kits\10\lib\10.0.10240.0\ucrt\x64\ucrt.lib 검색 중:
  
  라이브러리가 검색되었습니다.
  SampleCredentialProvider.vcxproj -> H:\1_프로젝트(3학년)\WinAuth\CredentialProvider\ConsoleApplication3\x64\Release\SampleCredentialProvider.dll
  SampleCredentialProvider.vcxproj -> H:\1_프로젝트(3학년)\WinAuth\CredentialProvider\ConsoleApplication3\x64\Release\SampleCredentialProvider.pdb (Full PDB)
