  Auth.cpp
  base32.cpp
h:\1_프로젝트(3학년)\google otp\credential(googleotp)\samplecredentialprovider\base32.cpp(42): error C2220: 경고가 오류로 처리되어 생성된 'object' 파일이 없습니다.
h:\1_프로젝트(3학년)\google otp\credential(googleotp)\samplecredentialprovider\base32.cpp(42): warning C4244: '=': 'int'에서 'BYTE'(으)로 변환하면서 데이터가 손실될 수 있습니다.
h:\1_프로젝트(3학년)\google otp\credential(googleotp)\samplecredentialprovider\base32.cpp(53): warning C4100: 'bufSize': 참조되지 않은 정식 매개 변수입니다.
  CommandWindow.cpp
h:\1_프로젝트(3학년)\google otp\credential(googleotp)\samplecredentialprovider\messagecredential.h(46): error C2220: 경고가 오류로 처리되어 생성된 'object' 파일이 없습니다.
h:\1_프로젝트(3학년)\google otp\credential(googleotp)\samplecredentialprovider\messagecredential.h(46): warning C4838: 'DWORD'에서 'int'(으)로의 변환에는 축소 변환이 필요합니다.
  h:\1_프로젝트(3학년)\google otp\credential(googleotp)\samplecredentialprovider\messagecredential.h(46): note: 마이그레이션을 간소화하려면 경고 없이 빌드하는 데 사용한 컴파일러 버전과 함께 /Wv:18 플래그를 임시로 사용하는 것이 좋습니다.
  CSampleCredential.cpp
  CSampleProvider.cpp
h:\1_프로젝트(3학년)\google otp\credential(googleotp)\samplecredentialprovider\messagecredential.h(46): error C2220: 경고가 오류로 처리되어 생성된 'object' 파일이 없습니다.
h:\1_프로젝트(3학년)\google otp\credential(googleotp)\samplecredentialprovider\messagecredential.h(46): warning C4838: 'DWORD'에서 'int'(으)로의 변환에는 축소 변환이 필요합니다.
  h:\1_프로젝트(3학년)\google otp\credential(googleotp)\samplecredentialprovider\messagecredential.h(46): note: 마이그레이션을 간소화하려면 경고 없이 빌드하는 데 사용한 컴파일러 버전과 함께 /Wv:18 플래그를 임시로 사용하는 것이 좋습니다.
  Dll.cpp
  guid.cpp
  helpers.cpp
  HMAC_SHA1.cpp
  MessageCredential.cpp
h:\1_프로젝트(3학년)\google otp\credential(googleotp)\samplecredentialprovider\messagecredential.h(46): error C2220: 경고가 오류로 처리되어 생성된 'object' 파일이 없습니다.
h:\1_프로젝트(3학년)\google otp\credential(googleotp)\samplecredentialprovider\messagecredential.h(46): warning C4838: 'DWORD'에서 'int'(으)로의 변환에는 축소 변환이 필요합니다.
  h:\1_프로젝트(3학년)\google otp\credential(googleotp)\samplecredentialprovider\messagecredential.h(46): note: 마이그레이션을 간소화하려면 경고 없이 빌드하는 데 사용한 컴파일러 버전과 함께 /Wv:18 플래그를 임시로 사용하는 것이 좋습니다.
  OtpCheck.cpp
h:\1_프로젝트(3학년)\google otp\credential(googleotp)\samplecredentialprovider\otpcheck.cpp(30): error C2220: 경고가 오류로 처리되어 생성된 'object' 파일이 없습니다.
h:\1_프로젝트(3학년)\google otp\credential(googleotp)\samplecredentialprovider\otpcheck.cpp(30): warning C4244: '초기화 중': 'time_t'에서 'long'(으)로 변환하면서 데이터가 손실될 수 있습니다.
h:\1_프로젝트(3학년)\google otp\credential(googleotp)\samplecredentialprovider\otpcheck.cpp(19): warning C4189: 'key_size': 지역 변수가 초기화되었으나 참조되지 않았습니다.
h:\1_프로젝트(3학년)\google otp\credential(googleotp)\samplecredentialprovider\otpcheck.cpp(49): warning C4244: '=': 'unsigned long'에서 'BYTE'(으)로 변환하면서 데이터가 손실될 수 있습니다.
  RegCheck.cpp
  SHA1.cpp
h:\1_프로젝트(3학년)\google otp\credential(googleotp)\samplecredentialprovider\sha1.cpp(168): error C2220: 경고가 오류로 처리되어 생성된 'object' 파일이 없습니다.
h:\1_프로젝트(3학년)\google otp\credential(googleotp)\samplecredentialprovider\sha1.cpp(168): warning C4996: 'fopen': This function or variable may be unsafe. Consider using fopen_s instead. To disable deprecation, use _CRT_SECURE_NO_WARNINGS. See online help for details.
  c:\program files (x86)\windows kits\10\include\10.0.10240.0\ucrt\stdio.h(205): note: 'fopen' 선언을 참조하십시오.
h:\1_프로젝트(3학년)\google otp\credential(googleotp)\samplecredentialprovider\sha1.cpp(246): warning C4996: 'sprintf': This function or variable may be unsafe. Consider using sprintf_s instead. To disable deprecation, use _CRT_SECURE_NO_WARNINGS. See online help for details.
  c:\program files (x86)\windows kits\10\include\10.0.10240.0\ucrt\stdio.h(1769): note: 'sprintf' 선언을 참조하십시오.
h:\1_프로젝트(3학년)\google otp\credential(googleotp)\samplecredentialprovider\sha1.cpp(247): warning C4996: 'strcat': This function or variable may be unsafe. Consider using strcat_s instead. To disable deprecation, use _CRT_SECURE_NO_WARNINGS. See online help for details.
  c:\program files (x86)\windows kits\10\include\10.0.10240.0\ucrt\string.h(90): note: 'strcat' 선언을 참조하십시오.
h:\1_프로젝트(3학년)\google otp\credential(googleotp)\samplecredentialprovider\sha1.cpp(251): warning C4996: 'sprintf': This function or variable may be unsafe. Consider using sprintf_s instead. To disable deprecation, use _CRT_SECURE_NO_WARNINGS. See online help for details.
  c:\program files (x86)\windows kits\10\include\10.0.10240.0\ucrt\stdio.h(1769): note: 'sprintf' 선언을 참조하십시오.
h:\1_프로젝트(3학년)\google otp\credential(googleotp)\samplecredentialprovider\sha1.cpp(252): warning C4996: 'strcat': This function or variable may be unsafe. Consider using strcat_s instead. To disable deprecation, use _CRT_SECURE_NO_WARNINGS. See online help for details.
  c:\program files (x86)\windows kits\10\include\10.0.10240.0\ucrt\string.h(90): note: 'strcat' 선언을 참조하십시오.
h:\1_프로젝트(3학년)\google otp\credential(googleotp)\samplecredentialprovider\sha1.cpp(257): warning C4996: 'sprintf': This function or variable may be unsafe. Consider using sprintf_s instead. To disable deprecation, use _CRT_SECURE_NO_WARNINGS. See online help for details.
  c:\program files (x86)\windows kits\10\include\10.0.10240.0\ucrt\stdio.h(1769): note: 'sprintf' 선언을 참조하십시오.
h:\1_프로젝트(3학년)\google otp\credential(googleotp)\samplecredentialprovider\sha1.cpp(258): warning C4996: 'strcat': This function or variable may be unsafe. Consider using strcat_s instead. To disable deprecation, use _CRT_SECURE_NO_WARNINGS. See online help for details.
  c:\program files (x86)\windows kits\10\include\10.0.10240.0\ucrt\string.h(90): note: 'strcat' 선언을 참조하십시오.
h:\1_프로젝트(3학년)\google otp\credential(googleotp)\samplecredentialprovider\sha1.cpp(262): warning C4996: 'sprintf': This function or variable may be unsafe. Consider using sprintf_s instead. To disable deprecation, use _CRT_SECURE_NO_WARNINGS. See online help for details.
  c:\program files (x86)\windows kits\10\include\10.0.10240.0\ucrt\stdio.h(1769): note: 'sprintf' 선언을 참조하십시오.
h:\1_프로젝트(3학년)\google otp\credential(googleotp)\samplecredentialprovider\sha1.cpp(263): warning C4996: 'strcat': This function or variable may be unsafe. Consider using strcat_s instead. To disable deprecation, use _CRT_SECURE_NO_WARNINGS. See online help for details.
  c:\program files (x86)\windows kits\10\include\10.0.10240.0\ucrt\string.h(90): note: 'strcat' 선언을 참조하십시오.
h:\1_프로젝트(3학년)\google otp\credential(googleotp)\samplecredentialprovider\sha1.cpp(266): warning C4996: 'strcpy': This function or variable may be unsafe. Consider using strcpy_s instead. To disable deprecation, use _CRT_SECURE_NO_WARNINGS. See online help for details.
  c:\program files (x86)\windows kits\10\include\10.0.10240.0\ucrt\string.h(119): note: 'strcpy' 선언을 참조하십시오.
  코드를 생성하고 있습니다...
h:\1_프로젝트(3학년)\google otp\credential(googleotp)\samplecredentialprovider\regcheck.cpp(38): error C2220: 경고가 오류로 처리되어 생성된 'object' 파일이 없습니다.
h:\1_프로젝트(3학년)\google otp\credential(googleotp)\samplecredentialprovider\regcheck.cpp(38): warning C4701: 초기화되지 않았을 수 있는 'rf' 지역 변수를 사용했습니다.
