  Auth.cpp
  base32.cpp
base32.cpp(42): warning C4244: '=': 'int'에서 'BYTE'(으)로 변환하면서 데이터가 손실될 수 있습니다.
base32.cpp(53): warning C4100: 'bufSize': 참조되지 않은 정식 매개 변수입니다.
  CommandWindow.cpp
d:\프로젝트_github\credential_provider\samplecredentialprovider\MessageCredential.h(46): warning C4838: 'DWORD'에서 'int'(으)로의 변환에는 축소 변환이 필요합니다.
  CSampleCredential.cpp
  CSampleProvider.cpp
d:\프로젝트_github\credential_provider\samplecredentialprovider\MessageCredential.h(46): warning C4838: 'DWORD'에서 'int'(으)로의 변환에는 축소 변환이 필요합니다.
  Dll.cpp
  guid.cpp
  helpers.cpp
  HMAC_SHA1.cpp
  MessageCredential.cpp
d:\프로젝트_github\credential_provider\samplecredentialprovider\MessageCredential.h(46): warning C4838: 'DWORD'에서 'int'(으)로의 변환에는 축소 변환이 필요합니다.
  OtpCheck.cpp
OtpCheck.cpp(19): warning C4267: '초기화 중': 'size_t'에서 'int'(으)로 변환하면서 데이터가 손실될 수 있습니다.
OtpCheck.cpp(30): warning C4244: '초기화 중': 'time_t'에서 'long'(으)로 변환하면서 데이터가 손실될 수 있습니다.
OtpCheck.cpp(19): warning C4189: 'key_size': 지역 변수가 초기화되었으나 참조되지 않았습니다.
OtpCheck.cpp(49): warning C4244: '=': 'unsigned long'에서 'BYTE'(으)로 변환하면서 데이터가 손실될 수 있습니다.
  RegCheck.cpp
RegCheck.cpp(18): warning C4267: '초기화 중': 'size_t'에서 'int'(으)로 변환하면서 데이터가 손실될 수 있습니다.
RegCheck.cpp(33): warning C4267: '초기화 중': 'size_t'에서 'int'(으)로 변환하면서 데이터가 손실될 수 있습니다.
  SHA1.cpp
SHA1.cpp(168): warning C4996: 'fopen': This function or variable may be unsafe. Consider using fopen_s instead. To disable deprecation, use _CRT_SECURE_NO_WARNINGS. See online help for details.
  C:\Program Files (x86)\Windows Kits\10\Include\10.0.10240.0\ucrt\stdio.h(205): note: 'fopen' 선언을 참조하십시오.
SHA1.cpp(246): warning C4996: 'sprintf': This function or variable may be unsafe. Consider using sprintf_s instead. To disable deprecation, use _CRT_SECURE_NO_WARNINGS. See online help for details.
  C:\Program Files (x86)\Windows Kits\10\Include\10.0.10240.0\ucrt\stdio.h(1769): note: 'sprintf' 선언을 참조하십시오.
SHA1.cpp(247): warning C4996: 'strcat': This function or variable may be unsafe. Consider using strcat_s instead. To disable deprecation, use _CRT_SECURE_NO_WARNINGS. See online help for details.
  C:\Program Files (x86)\Windows Kits\10\Include\10.0.10240.0\ucrt\string.h(90): note: 'strcat' 선언을 참조하십시오.
SHA1.cpp(251): warning C4996: 'sprintf': This function or variable may be unsafe. Consider using sprintf_s instead. To disable deprecation, use _CRT_SECURE_NO_WARNINGS. See online help for details.
  C:\Program Files (x86)\Windows Kits\10\Include\10.0.10240.0\ucrt\stdio.h(1769): note: 'sprintf' 선언을 참조하십시오.
SHA1.cpp(252): warning C4996: 'strcat': This function or variable may be unsafe. Consider using strcat_s instead. To disable deprecation, use _CRT_SECURE_NO_WARNINGS. See online help for details.
  C:\Program Files (x86)\Windows Kits\10\Include\10.0.10240.0\ucrt\string.h(90): note: 'strcat' 선언을 참조하십시오.
SHA1.cpp(257): warning C4996: 'sprintf': This function or variable may be unsafe. Consider using sprintf_s instead. To disable deprecation, use _CRT_SECURE_NO_WARNINGS. See online help for details.
  C:\Program Files (x86)\Windows Kits\10\Include\10.0.10240.0\ucrt\stdio.h(1769): note: 'sprintf' 선언을 참조하십시오.
SHA1.cpp(258): warning C4996: 'strcat': This function or variable may be unsafe. Consider using strcat_s instead. To disable deprecation, use _CRT_SECURE_NO_WARNINGS. See online help for details.
  C:\Program Files (x86)\Windows Kits\10\Include\10.0.10240.0\ucrt\string.h(90): note: 'strcat' 선언을 참조하십시오.
SHA1.cpp(262): warning C4996: 'sprintf': This function or variable may be unsafe. Consider using sprintf_s instead. To disable deprecation, use _CRT_SECURE_NO_WARNINGS. See online help for details.
  C:\Program Files (x86)\Windows Kits\10\Include\10.0.10240.0\ucrt\stdio.h(1769): note: 'sprintf' 선언을 참조하십시오.
SHA1.cpp(263): warning C4996: 'strcat': This function or variable may be unsafe. Consider using strcat_s instead. To disable deprecation, use _CRT_SECURE_NO_WARNINGS. See online help for details.
  C:\Program Files (x86)\Windows Kits\10\Include\10.0.10240.0\ucrt\string.h(90): note: 'strcat' 선언을 참조하십시오.
SHA1.cpp(266): warning C4996: 'strcpy': This function or variable may be unsafe. Consider using strcpy_s instead. To disable deprecation, use _CRT_SECURE_NO_WARNINGS. See online help for details.
  C:\Program Files (x86)\Windows Kits\10\Include\10.0.10240.0\ucrt\string.h(119): note: 'strcpy' 선언을 참조하십시오.
  코드를 생성하고 있습니다...
d:\프로젝트_github\credential_provider\samplecredentialprovider\regcheck.cpp(42): warning C4701: 초기화되지 않았을 수 있는 'rf' 지역 변수를 사용했습니다.
d:\프로젝트_github\credential_provider\samplecredentialprovider\csampleprovider.cpp(425): warning C4701: 초기화되지 않았을 수 있는 'hr' 지역 변수를 사용했습니다.
  
  라이브러리를 검색하고 있습니다.
      C:\Program Files (x86)\Windows Kits\8.1\lib\winv6.3\um\x64\secur32.lib 검색 중:
      C:\Program Files (x86)\Windows Kits\8.1\lib\winv6.3\um\x64\shlwapi.lib 검색 중:
      C:\Program Files (x86)\Windows Kits\8.1\lib\winv6.3\um\x64\kernel32.lib 검색 중:
      C:\Program Files (x86)\Windows Kits\8.1\lib\winv6.3\um\x64\user32.lib 검색 중:
      C:\Program Files (x86)\Windows Kits\8.1\lib\winv6.3\um\x64\gdi32.lib 검색 중:
      C:\Program Files (x86)\Windows Kits\8.1\lib\winv6.3\um\x64\winspool.lib 검색 중:
      C:\Program Files (x86)\Windows Kits\8.1\lib\winv6.3\um\x64\comdlg32.lib 검색 중:
      C:\Program Files (x86)\Windows Kits\8.1\lib\winv6.3\um\x64\advapi32.lib 검색 중:
      C:\Program Files (x86)\Windows Kits\8.1\lib\winv6.3\um\x64\shell32.lib 검색 중:
      C:\Program Files (x86)\Windows Kits\8.1\lib\winv6.3\um\x64\ole32.lib 검색 중:
      C:\Program Files (x86)\Windows Kits\8.1\lib\winv6.3\um\x64\oleaut32.lib 검색 중:
      C:\Program Files (x86)\Windows Kits\8.1\lib\winv6.3\um\x64\uuid.lib 검색 중:
      C:\Program Files (x86)\Windows Kits\8.1\lib\winv6.3\um\x64\odbc32.lib 검색 중:
      C:\Program Files (x86)\Windows Kits\8.1\lib\winv6.3\um\x64\odbccp32.lib 검색 중:
      C:\Program Files (x86)\Microsoft Visual Studio 14.0\VC\lib\amd64\msvcprt.lib 검색 중:
      C:\Program Files (x86)\Microsoft Visual Studio 14.0\VC\lib\amd64\MSVCRT.lib 검색 중:
      C:\Program Files (x86)\Microsoft Visual Studio 14.0\VC\lib\amd64\OLDNAMES.lib 검색 중:
      C:\Program Files (x86)\Microsoft Visual Studio 14.0\VC\atlmfc\lib\amd64\atls.lib 검색 중:
      C:\Program Files (x86)\Microsoft Visual Studio 14.0\VC\lib\amd64\vcruntime.lib 검색 중:
      C:\Program Files (x86)\Windows Kits\10\lib\10.0.10240.0\ucrt\x64\ucrt.lib 검색 중:
      C:\Program Files (x86)\Windows Kits\8.1\lib\winv6.3\um\x64\secur32.lib 검색 중:
      C:\Program Files (x86)\Windows Kits\8.1\lib\winv6.3\um\x64\shlwapi.lib 검색 중:
      C:\Program Files (x86)\Windows Kits\8.1\lib\winv6.3\um\x64\kernel32.lib 검색 중:
      C:\Program Files (x86)\Windows Kits\8.1\lib\winv6.3\um\x64\user32.lib 검색 중:
      C:\Program Files (x86)\Windows Kits\8.1\lib\winv6.3\um\x64\gdi32.lib 검색 중:
      C:\Program Files (x86)\Windows Kits\8.1\lib\winv6.3\um\x64\winspool.lib 검색 중:
      C:\Program Files (x86)\Windows Kits\8.1\lib\winv6.3\um\x64\comdlg32.lib 검색 중:
      C:\Program Files (x86)\Windows Kits\8.1\lib\winv6.3\um\x64\advapi32.lib 검색 중:
      C:\Program Files (x86)\Windows Kits\8.1\lib\winv6.3\um\x64\shell32.lib 검색 중:
      C:\Program Files (x86)\Windows Kits\8.1\lib\winv6.3\um\x64\ole32.lib 검색 중:
      C:\Program Files (x86)\Windows Kits\8.1\lib\winv6.3\um\x64\oleaut32.lib 검색 중:
      C:\Program Files (x86)\Windows Kits\8.1\lib\winv6.3\um\x64\uuid.lib 검색 중:
      C:\Program Files (x86)\Windows Kits\8.1\lib\winv6.3\um\x64\odbc32.lib 검색 중:
      C:\Program Files (x86)\Windows Kits\8.1\lib\winv6.3\um\x64\odbccp32.lib 검색 중:
      C:\Program Files (x86)\Microsoft Visual Studio 14.0\VC\lib\amd64\msvcprt.lib 검색 중:
      C:\Program Files (x86)\Microsoft Visual Studio 14.0\VC\lib\amd64\MSVCRT.lib 검색 중:
      C:\Program Files (x86)\Microsoft Visual Studio 14.0\VC\lib\amd64\OLDNAMES.lib 검색 중:
      C:\Program Files (x86)\Microsoft Visual Studio 14.0\VC\atlmfc\lib\amd64\atls.lib 검색 중:
      C:\Program Files (x86)\Microsoft Visual Studio 14.0\VC\lib\amd64\vcruntime.lib 검색 중:
  
  라이브러리가 검색되었습니다.
     D:\프로젝트_GitHub\credential_provider\ConsoleApplication3\x64\Debug\SampleCredentialProvider.lib 라이브러리 및 D:\프로젝트_GitHub\credential_provider\ConsoleApplication3\x64\Debug\SampleCredentialProvider.exp 개체를 생성하고 있습니다.
  
  라이브러리를 검색하고 있습니다.
      C:\Program Files (x86)\Windows Kits\8.1\lib\winv6.3\um\x64\secur32.lib 검색 중:
      C:\Program Files (x86)\Windows Kits\8.1\lib\winv6.3\um\x64\shlwapi.lib 검색 중:
      C:\Program Files (x86)\Windows Kits\8.1\lib\winv6.3\um\x64\kernel32.lib 검색 중:
      C:\Program Files (x86)\Windows Kits\8.1\lib\winv6.3\um\x64\user32.lib 검색 중:
      C:\Program Files (x86)\Windows Kits\8.1\lib\winv6.3\um\x64\gdi32.lib 검색 중:
      C:\Program Files (x86)\Windows Kits\8.1\lib\winv6.3\um\x64\winspool.lib 검색 중:
      C:\Program Files (x86)\Windows Kits\8.1\lib\winv6.3\um\x64\comdlg32.lib 검색 중:
      C:\Program Files (x86)\Windows Kits\8.1\lib\winv6.3\um\x64\advapi32.lib 검색 중:
      C:\Program Files (x86)\Windows Kits\8.1\lib\winv6.3\um\x64\shell32.lib 검색 중:
      C:\Program Files (x86)\Windows Kits\8.1\lib\winv6.3\um\x64\ole32.lib 검색 중:
      C:\Program Files (x86)\Windows Kits\8.1\lib\winv6.3\um\x64\oleaut32.lib 검색 중:
      C:\Program Files (x86)\Windows Kits\8.1\lib\winv6.3\um\x64\uuid.lib 검색 중:
      C:\Program Files (x86)\Windows Kits\8.1\lib\winv6.3\um\x64\odbc32.lib 검색 중:
      C:\Program Files (x86)\Windows Kits\8.1\lib\winv6.3\um\x64\odbccp32.lib 검색 중:
      C:\Program Files (x86)\Microsoft Visual Studio 14.0\VC\lib\amd64\msvcprt.lib 검색 중:
      C:\Program Files (x86)\Microsoft Visual Studio 14.0\VC\lib\amd64\MSVCRT.lib 검색 중:
      C:\Program Files (x86)\Microsoft Visual Studio 14.0\VC\lib\amd64\OLDNAMES.lib 검색 중:
      C:\Program Files (x86)\Microsoft Visual Studio 14.0\VC\atlmfc\lib\amd64\atls.lib 검색 중:
      C:\Program Files (x86)\Microsoft Visual Studio 14.0\VC\lib\amd64\vcruntime.lib 검색 중:
      C:\Program Files (x86)\Windows Kits\10\lib\10.0.10240.0\ucrt\x64\ucrt.lib 검색 중:
  
  라이브러리가 검색되었습니다.
  
  라이브러리를 검색하고 있습니다.
      C:\Program Files (x86)\Windows Kits\8.1\lib\winv6.3\um\x64\secur32.lib 검색 중:
      C:\Program Files (x86)\Windows Kits\8.1\lib\winv6.3\um\x64\shlwapi.lib 검색 중:
      C:\Program Files (x86)\Windows Kits\8.1\lib\winv6.3\um\x64\kernel32.lib 검색 중:
      C:\Program Files (x86)\Windows Kits\8.1\lib\winv6.3\um\x64\user32.lib 검색 중:
      C:\Program Files (x86)\Windows Kits\8.1\lib\winv6.3\um\x64\gdi32.lib 검색 중:
      C:\Program Files (x86)\Windows Kits\8.1\lib\winv6.3\um\x64\winspool.lib 검색 중:
      C:\Program Files (x86)\Windows Kits\8.1\lib\winv6.3\um\x64\comdlg32.lib 검색 중:
      C:\Program Files (x86)\Windows Kits\8.1\lib\winv6.3\um\x64\advapi32.lib 검색 중:
      C:\Program Files (x86)\Windows Kits\8.1\lib\winv6.3\um\x64\shell32.lib 검색 중:
      C:\Program Files (x86)\Windows Kits\8.1\lib\winv6.3\um\x64\ole32.lib 검색 중:
      C:\Program Files (x86)\Windows Kits\8.1\lib\winv6.3\um\x64\oleaut32.lib 검색 중:
      C:\Program Files (x86)\Windows Kits\8.1\lib\winv6.3\um\x64\uuid.lib 검색 중:
      C:\Program Files (x86)\Windows Kits\8.1\lib\winv6.3\um\x64\odbc32.lib 검색 중:
      C:\Program Files (x86)\Windows Kits\8.1\lib\winv6.3\um\x64\odbccp32.lib 검색 중:
      C:\Program Files (x86)\Microsoft Visual Studio 14.0\VC\lib\amd64\msvcprt.lib 검색 중:
      C:\Program Files (x86)\Microsoft Visual Studio 14.0\VC\lib\amd64\MSVCRT.lib 검색 중:
      C:\Program Files (x86)\Microsoft Visual Studio 14.0\VC\lib\amd64\OLDNAMES.lib 검색 중:
      C:\Program Files (x86)\Microsoft Visual Studio 14.0\VC\atlmfc\lib\amd64\atls.lib 검색 중:
      C:\Program Files (x86)\Microsoft Visual Studio 14.0\VC\lib\amd64\vcruntime.lib 검색 중:
      C:\Program Files (x86)\Windows Kits\10\lib\10.0.10240.0\ucrt\x64\ucrt.lib 검색 중:
  
  라이브러리가 검색되었습니다.
  
  라이브러리를 검색하고 있습니다.
      C:\Program Files (x86)\Windows Kits\8.1\lib\winv6.3\um\x64\secur32.lib 검색 중:
      C:\Program Files (x86)\Windows Kits\8.1\lib\winv6.3\um\x64\shlwapi.lib 검색 중:
      C:\Program Files (x86)\Windows Kits\8.1\lib\winv6.3\um\x64\kernel32.lib 검색 중:
      C:\Program Files (x86)\Windows Kits\8.1\lib\winv6.3\um\x64\user32.lib 검색 중:
      C:\Program Files (x86)\Windows Kits\8.1\lib\winv6.3\um\x64\gdi32.lib 검색 중:
      C:\Program Files (x86)\Windows Kits\8.1\lib\winv6.3\um\x64\winspool.lib 검색 중:
      C:\Program Files (x86)\Windows Kits\8.1\lib\winv6.3\um\x64\comdlg32.lib 검색 중:
      C:\Program Files (x86)\Windows Kits\8.1\lib\winv6.3\um\x64\advapi32.lib 검색 중:
      C:\Program Files (x86)\Windows Kits\8.1\lib\winv6.3\um\x64\shell32.lib 검색 중:
      C:\Program Files (x86)\Windows Kits\8.1\lib\winv6.3\um\x64\ole32.lib 검색 중:
      C:\Program Files (x86)\Windows Kits\8.1\lib\winv6.3\um\x64\oleaut32.lib 검색 중:
      C:\Program Files (x86)\Windows Kits\8.1\lib\winv6.3\um\x64\uuid.lib 검색 중:
      C:\Program Files (x86)\Windows Kits\8.1\lib\winv6.3\um\x64\odbc32.lib 검색 중:
      C:\Program Files (x86)\Windows Kits\8.1\lib\winv6.3\um\x64\odbccp32.lib 검색 중:
      C:\Program Files (x86)\Microsoft Visual Studio 14.0\VC\lib\amd64\msvcprt.lib 검색 중:
      C:\Program Files (x86)\Microsoft Visual Studio 14.0\VC\lib\amd64\MSVCRT.lib 검색 중:
      C:\Program Files (x86)\Microsoft Visual Studio 14.0\VC\lib\amd64\OLDNAMES.lib 검색 중:
      C:\Program Files (x86)\Microsoft Visual Studio 14.0\VC\atlmfc\lib\amd64\atls.lib 검색 중:
      C:\Program Files (x86)\Microsoft Visual Studio 14.0\VC\lib\amd64\vcruntime.lib 검색 중:
      C:\Program Files (x86)\Windows Kits\10\lib\10.0.10240.0\ucrt\x64\ucrt.lib 검색 중:
  
  라이브러리가 검색되었습니다.
  SampleCredentialProvider.vcxproj -> D:\프로젝트_GitHub\credential_provider\ConsoleApplication3\x64\Debug\SampleCredentialProvider.dll
  SampleCredentialProvider.vcxproj -> D:\프로젝트_GitHub\credential_provider\ConsoleApplication3\x64\Debug\SampleCredentialProvider.pdb (Full PDB)
