i:\1_프로젝트(3학년)\google otp\credential(googleotp)\samplecredentialprovider\x64\debug\vc120.pdb
i:\1_프로젝트(3학년)\google otp\credential(googleotp)\samplecredentialprovider\x64\debug\sha1.obj
i:\1_프로젝트(3학년)\google otp\credential(googleotp)\samplecredentialprovider\x64\debug\otpcheck.obj
i:\1_프로젝트(3학년)\google otp\credential(googleotp)\samplecredentialprovider\x64\debug\hmac_sha1.obj
i:\1_프로젝트(3학년)\google otp\credential(googleotp)\samplecredentialprovider\x64\debug\helpers.obj
i:\1_프로젝트(3학년)\google otp\credential(googleotp)\samplecredentialprovider\x64\debug\guid.obj
i:\1_프로젝트(3학년)\google otp\credential(googleotp)\samplecredentialprovider\x64\debug\dll.obj
i:\1_프로젝트(3학년)\google otp\credential(googleotp)\samplecredentialprovider\x64\debug\csampleprovider.obj
i:\1_프로젝트(3학년)\google otp\credential(googleotp)\samplecredentialprovider\x64\debug\csamplecredential.obj
i:\1_프로젝트(3학년)\google otp\credential(googleotp)\samplecredentialprovider\x64\debug\base32.obj
i:\1_프로젝트(3학년)\google otp\credential(googleotp)\consoleapplication3\x64\debug\samplecredentialprovider.dll
i:\1_프로젝트(3학년)\google otp\credential(googleotp)\consoleapplication3\x64\debug\samplecredentialprovider.pdb
i:\1_프로젝트(3학년)\google otp\credential(googleotp)\samplecredentialprovider\x64\debug\resources.res
i:\1_프로젝트(3학년)\google otp\credential(googleotp)\consoleapplication3\x64\debug\samplecredentialprovider.lib
i:\1_프로젝트(3학년)\google otp\credential(googleotp)\consoleapplication3\x64\debug\samplecredentialprovider.exp
c:\users\khs\desktop\credential(googleotp)\samplecredentialprovider\x64\debug\base32.obj
c:\users\khs\desktop\credential(googleotp)\samplecredentialprovider\x64\debug\csamplecredential.obj
c:\users\khs\desktop\credential(googleotp)\samplecredentialprovider\x64\debug\csampleprovider.obj
c:\users\khs\desktop\credential(googleotp)\samplecredentialprovider\x64\debug\dll.obj
c:\users\khs\desktop\credential(googleotp)\samplecredentialprovider\x64\debug\guid.obj
c:\users\khs\desktop\credential(googleotp)\samplecredentialprovider\x64\debug\helpers.obj
c:\users\khs\desktop\credential(googleotp)\samplecredentialprovider\x64\debug\hmac_sha1.obj
c:\users\khs\desktop\credential(googleotp)\samplecredentialprovider\x64\debug\otpcheck.obj
c:\users\khs\desktop\credential(googleotp)\samplecredentialprovider\x64\debug\sha1.obj
c:\users\khs\desktop\credential(googleotp)\samplecredentialprovider\x64\debug\resources.res
c:\users\khs\desktop\credential(googleotp)\samplecredentialprovider\x64\debug\vc120.pdb
c:\users\khs\desktop\credential(googleotp)\consoleapplication3\x64\debug\samplecredentialprovider.pdb
c:\users\khs\desktop\credential(googleotp)\consoleapplication3\x64\debug\samplecredentialprovider.dll
c:\users\khs\desktop\credential(googleotp)\samplecredentialprovider\x64\debug\samplecr.7348aee0.tlog\cl.command.1.tlog
c:\users\khs\desktop\credential(googleotp)\samplecredentialprovider\x64\debug\samplecr.7348aee0.tlog\cl.read.1.tlog
c:\users\khs\desktop\credential(googleotp)\samplecredentialprovider\x64\debug\samplecr.7348aee0.tlog\cl.write.1.tlog
c:\users\khs\desktop\credential(googleotp)\samplecredentialprovider\x64\debug\samplecr.7348aee0.tlog\link.command.1.tlog
c:\users\khs\desktop\credential(googleotp)\samplecredentialprovider\x64\debug\samplecr.7348aee0.tlog\link.read.1.tlog
c:\users\khs\desktop\credential(googleotp)\samplecredentialprovider\x64\debug\samplecr.7348aee0.tlog\link.write.1.tlog
c:\users\khs\desktop\credential(googleotp)\samplecredentialprovider\x64\debug\samplecr.7348aee0.tlog\rc.command.1.tlog
c:\users\khs\desktop\credential(googleotp)\samplecredentialprovider\x64\debug\samplecr.7348aee0.tlog\rc.read.1.tlog
c:\users\khs\desktop\credential(googleotp)\samplecredentialprovider\x64\debug\samplecr.7348aee0.tlog\rc.write.1.tlog
c:\users\khs\desktop\credential(googleotp)\samplecredentialprovider\x64\debug\samplecr.7348aee0.tlog\samplecredentialprovider.write.1u.tlog
